2025-01-14 11:28:56,917 - INFO - \u0417\u0430\u043f\u0443\u0441\u043a \u0441\u043a\u0440\u0438\u043f\u0442\u0430...
2025-01-14 11:28:56,918 - INFO - \u0422\u0435\u043a\u0443\u0449\u0435\u0435 \u0447\u0438\u0441\u043b\u043e: 8
2025-01-14 11:28:56,918 - INFO - \u041d\u043e\u0432\u043e\u0435 \u0447\u0438\u0441\u043b\u043e: 9
2025-01-14 11:28:56,919 - INFO - \u0427\u0438\u0441\u043b\u043e \u0443\u0441\u043f\u0435\u0448\u043d\u043e \u043e\u0431\u043d\u043e\u0432\u043b\u0435\u043d\u043e \u043d\u0430 9.
2025-01-14 11:28:57,118 - INFO - \u041a\u043e\u043c\u043c\u0438\u0442 \u0443\u0441\u043f\u0435\u0448\u043d\u043e \u0441\u043e\u0437\u0434\u0430\u043d \u0441 \u0441\u043e\u043e\u0431\u0449\u0435\u043d\u0438\u0435\u043c: Update number: 2025-01-14
2025-01-14 11:28:58,483 - ERROR - \u041e\u0448\u0438\u0431\u043a\u0430 \u043f\u0440\u0438 \u043e\u0442\u043f\u0440\u0430\u0432\u043a\u0435 \u0438\u0437\u043c\u0435\u043d\u0435\u043d\u0438\u0439 \u0432 GitHub: remote: Repository not found.
fatal: repository 'https://github.com/excycutor/great_job.git/' not found

2025-01-14 11:28:58,484 - ERROR - \u041e\u0448\u0438\u0431\u043a\u0430 \u043f\u0440\u0438 \u043e\u0442\u043f\u0440\u0430\u0432\u043a\u0435 \u0438\u0437\u043c\u0435\u043d\u0435\u043d\u0438\u0439: remote: Repository not found.
fatal: repository 'https://github.com/excycutor/great_job.git/' not found

2025-01-14 11:28:58,484 - ERROR - \u041e\u0448\u0438\u0431\u043a\u0430 \u0432 \u043e\u0441\u043d\u043e\u0432\u043d\u043e\u043c \u043f\u043e\u0442\u043e\u043a\u0435: remote: Repository not found.
fatal: repository 'https://github.com/excycutor/great_job.git/' not found

2025-01-14 11:39:19,915 - INFO - Запуск скрипта...
2025-01-14 11:39:20,891 - INFO - Репозиторий доступен.
2025-01-14 11:39:20,892 - INFO - Текущее число: 11
2025-01-14 11:39:20,892 - INFO - Новое число: 12
2025-01-14 11:39:20,894 - INFO - Число успешно обновлено на 12.
2025-01-14 11:39:21,099 - INFO - Коммит успешно создан с сообщением: Update number: 2025-01-14
2025-01-14 11:39:23,425 - INFO - Изменения успешно отправлены в GitHub.
2025-01-14 11:39:23,426 - INFO - Скрипт успешно завершен.
2025-01-14 11:49:29,385 - INFO - Запуск скрипта...
2025-01-14 11:49:30,789 - ERROR - Ошибка при обновлении локальной ветки: From https://github.com/excycutor/fancy_job
 * branch            main       -> FETCH_HEAD
error: Your local changes to the following files would be overwritten by merge:
  update_number.py
error: unable to unlink old 'update_number.log': Invalid argument
fatal: read-tree failed
2025-01-14 11:49:30,790 - ERROR - Ошибка при обновлении локальной ветки: Ошибка Git: From https://github.com/excycutor/fancy_job
 * branch            main       -> FETCH_HEAD
error: Your local changes to the following files would be overwritten by merge:
  update_number.py
error: unable to unlink old 'update_number.log': Invalid argument
fatal: read-tree failed
2025-01-14 11:49:30,791 - ERROR - Ошибка в основном потоке: Ошибка Git: From https://github.com/excycutor/fancy_job
 * branch            main       -> FETCH_HEAD
error: Your local changes to the following files would be overwritten by merge:
  update_number.py
error: unable to unlink old 'update_number.log': Invalid argument
fatal: read-tree failed
2025-01-14 11:53:14,826 - INFO - Запуск скрипта...
2025-01-14 11:53:16,290 - ERROR - Ошибка при обновлении локальной ветки: From https://github.com/excycutor/fancy_job
 * branch            main       -> FETCH_HEAD
error: Your local changes to the following files would be overwritten by merge:
	update_number.py
Please commit your changes or stash them before you merge.
Aborting
error: unable to unlink old 'update_number.log': Invalid argument
fatal: read-tree failed
2025-01-14 11:53:16,291 - ERROR - Ошибка при обновлении локальной ветки: Ошибка Git: From https://github.com/excycutor/fancy_job
 * branch            main       -> FETCH_HEAD
error: Your local changes to the following files would be overwritten by merge:
	update_number.py
Please commit your changes or stash them before you merge.
Aborting
error: unable to unlink old 'update_number.log': Invalid argument
fatal: read-tree failed
2025-01-14 11:53:16,292 - ERROR - Ошибка в основном потоке: Ошибка Git: From https://github.com/excycutor/fancy_job
 * branch            main       -> FETCH_HEAD
error: Your local changes to the following files would be overwritten by merge:
	update_number.py
Please commit your changes or stash them before you merge.
Aborting
error: unable to unlink old 'update_number.log': Invalid argument
fatal: read-tree failed
